2022-12-17 10:25:26,054 P20981 INFO Params: {
    "batch_size": "4096",
    "data_format": "csv",
    "data_root": "../data/Criteo/",
    "dataset_id": "criteo_x1_49102577",
    "debug_mode": "False",
    "early_stop_patience": "2",
    "embedding_dim": "10",
    "embedding_regularizer": "1e-05",
    "epochs": "100",
    "eval_interval": "1",
    "feature_cols": "[{'active': True, 'dtype': 'float', 'name': ['I1', 'I2', 'I3', 'I4', 'I5', 'I6', 'I7', 'I8', 'I9', 'I10', 'I11', 'I12', 'I13'], 'type': 'numeric'}, {'active': True, 'dtype': 'float', 'name': ['C1', 'C2', 'C3', 'C4', 'C5', 'C6', 'C7', 'C8', 'C9', 'C10', 'C11', 'C12', 'C13', 'C14', 'C15', 'C16', 'C17', 'C18', 'C19', 'C20', 'C21', 'C22', 'C23', 'C24', 'C25', 'C26'], 'type': 'categorical'}]",
    "feature_specs": "None",
    "gpu": "0",
    "group_id": "None",
    "label_col": "{'dtype': 'float', 'name': 'label'}",
    "learning_rate": "0.001",
    "loss": "binary_crossentropy",
    "metrics": "['AUC', 'logloss']",
    "min_categr_count": "1",
    "mlp1_batch_norm": "True",
    "mlp1_dropout": "0.2",
    "mlp1_hidden_activations": "relu",
    "mlp1_hidden_units": "[400, 400, 400]",
    "mlp2_batch_norm": "True",
    "mlp2_dropout": "0.2",
    "mlp2_hidden_activations": "relu",
    "mlp2_hidden_units": "[400, 400, 400]",
    "model": "DualMLP",
    "model_id": "DualMLP_criteo_x1_001_0aa31de8",
    "model_root": "./checkpoints/DualMLP_criteo_x1/",
    "monitor": "AUC",
    "monitor_mode": "max",
    "net_regularizer": "0",
    "num_workers": "3",
    "optimizer": "adam",
    "ordered_features": "None",
    "pickle_feature_encoder": "True",
    "save_best_only": "True",
    "seed": "2021",
    "shuffle": "True",
    "task": "binary_classification",
    "test_data": "../data/Criteo/Criteo_x1/test.csv",
    "train_data": "../data/Criteo/Criteo_x1/train.csv",
    "valid_data": "../data/Criteo/Criteo_x1/valid.csv",
    "verbose": "0"
}
2022-12-17 10:25:26,054 P20981 INFO Load feature_map from json: ../data/Criteo/criteo_x1_49102577/feature_map.json
2022-12-17 10:25:26,055 P20981 INFO Set column index...
2022-12-17 10:25:26,055 P20981 INFO Feature specs: {
    "C1": "{'source': '', 'type': 'categorical', 'padding_idx': 0, 'oov_idx': 1461, 'vocab_size': 1462}",
    "C10": "{'source': '', 'type': 'categorical', 'padding_idx': 0, 'oov_idx': 54711, 'vocab_size': 54712}",
    "C11": "{'source': '', 'type': 'categorical', 'padding_idx': 0, 'oov_idx': 5349, 'vocab_size': 5350}",
    "C12": "{'source': '', 'type': 'categorical', 'padding_idx': 0, 'oov_idx': 409748, 'vocab_size': 409749}",
    "C13": "{'source': '', 'type': 'categorical', 'padding_idx': 0, 'oov_idx': 3181, 'vocab_size': 3182}",
    "C14": "{'source': '', 'type': 'categorical', 'padding_idx': 0, 'oov_idx': 28, 'vocab_size': 29}",
    "C15": "{'source': '', 'type': 'categorical', 'padding_idx': 0, 'oov_idx': 12499, 'vocab_size': 12500}",
    "C16": "{'source': '', 'type': 'categorical', 'padding_idx': 0, 'oov_idx': 365810, 'vocab_size': 365811}",
    "C17": "{'source': '', 'type': 'categorical', 'padding_idx': 0, 'oov_idx': 11, 'vocab_size': 12}",
    "C18": "{'source': '', 'type': 'categorical', 'padding_idx': 0, 'oov_idx': 4933, 'vocab_size': 4934}",
    "C19": "{'source': '', 'type': 'categorical', 'padding_idx': 0, 'oov_idx': 2095, 'vocab_size': 2096}",
    "C2": "{'source': '', 'type': 'categorical', 'padding_idx': 0, 'oov_idx': 559, 'vocab_size': 560}",
    "C20": "{'source': '', 'type': 'categorical', 'padding_idx': 0, 'oov_idx': 5, 'vocab_size': 6}",
    "C21": "{'source': '', 'type': 'categorical', 'padding_idx': 0, 'oov_idx': 397980, 'vocab_size': 397981}",
    "C22": "{'source': '', 'type': 'categorical', 'padding_idx': 0, 'oov_idx': 19, 'vocab_size': 20}",
    "C23": "{'source': '', 'type': 'categorical', 'padding_idx': 0, 'oov_idx': 16, 'vocab_size': 17}",
    "C24": "{'source': '', 'type': 'categorical', 'padding_idx': 0, 'oov_idx': 88607, 'vocab_size': 88608}",
    "C25": "{'source': '', 'type': 'categorical', 'padding_idx': 0, 'oov_idx': 97, 'vocab_size': 98}",
    "C26": "{'source': '', 'type': 'categorical', 'padding_idx': 0, 'oov_idx': 64072, 'vocab_size': 64073}",
    "C3": "{'source': '', 'type': 'categorical', 'padding_idx': 0, 'oov_idx': 413423, 'vocab_size': 413424}",
    "C4": "{'source': '', 'type': 'categorical', 'padding_idx': 0, 'oov_idx': 248542, 'vocab_size': 248543}",
    "C5": "{'source': '', 'type': 'categorical', 'padding_idx': 0, 'oov_idx': 306, 'vocab_size': 307}",
    "C6": "{'source': '', 'type': 'categorical', 'padding_idx': 0, 'oov_idx': 22, 'vocab_size': 23}",
    "C7": "{'source': '', 'type': 'categorical', 'padding_idx': 0, 'oov_idx': 12191, 'vocab_size': 12192}",
    "C8": "{'source': '', 'type': 'categorical', 'padding_idx': 0, 'oov_idx': 634, 'vocab_size': 635}",
    "C9": "{'source': '', 'type': 'categorical', 'padding_idx': 0, 'oov_idx': 4, 'vocab_size': 5}",
    "I1": "{'source': '', 'type': 'numeric'}",
    "I10": "{'source': '', 'type': 'numeric'}",
    "I11": "{'source': '', 'type': 'numeric'}",
    "I12": "{'source': '', 'type': 'numeric'}",
    "I13": "{'source': '', 'type': 'numeric'}",
    "I2": "{'source': '', 'type': 'numeric'}",
    "I3": "{'source': '', 'type': 'numeric'}",
    "I4": "{'source': '', 'type': 'numeric'}",
    "I5": "{'source': '', 'type': 'numeric'}",
    "I6": "{'source': '', 'type': 'numeric'}",
    "I7": "{'source': '', 'type': 'numeric'}",
    "I8": "{'source': '', 'type': 'numeric'}",
    "I9": "{'source': '', 'type': 'numeric'}"
}
2022-12-17 10:25:31,605 P20981 INFO Total number of parameters: 21823422.
2022-12-17 10:25:31,606 P20981 INFO Loading data...
2022-12-17 10:25:31,607 P20981 INFO Loading data from h5: ../data/Criteo/criteo_x1_49102577/train.h5
2022-12-17 10:25:55,764 P20981 INFO Train samples: total/33003326, blocks/1
2022-12-17 10:25:55,764 P20981 INFO Loading data from h5: ../data/Criteo/criteo_x1_49102577/valid.h5
2022-12-17 10:26:01,688 P20981 INFO Validation samples: total/8250124, blocks/1
2022-12-17 10:26:01,688 P20981 INFO Loading train and validation data done.
2022-12-17 10:26:01,689 P20981 INFO Start training: 8058 batches/epoch
2022-12-17 10:26:01,689 P20981 INFO ************ Epoch=1 start ************
2022-12-17 10:32:06,263 P20981 INFO [Metrics] AUC: 0.803025
2022-12-17 10:32:06,265 P20981 INFO Save best model: monitor(max): 0.803025
2022-12-17 10:32:06,403 P20981 INFO --- 8058/8058 batches finished ---
2022-12-17 10:32:06,453 P20981 INFO Train loss @epoch 1: 0.465246
2022-12-17 10:32:06,453 P20981 INFO ************ Epoch=1 end ************
2022-12-17 10:38:08,585 P20981 INFO [Metrics] AUC: 0.805752
2022-12-17 10:38:08,586 P20981 INFO Save best model: monitor(max): 0.805752
2022-12-17 10:38:08,734 P20981 INFO --- 8058/8058 batches finished ---
2022-12-17 10:38:08,794 P20981 INFO Train loss @epoch 2: 0.457390
2022-12-17 10:38:08,794 P20981 INFO ************ Epoch=2 end ************
2022-12-17 10:44:10,410 P20981 INFO [Metrics] AUC: 0.807214
2022-12-17 10:44:10,412 P20981 INFO Save best model: monitor(max): 0.807214
2022-12-17 10:44:10,555 P20981 INFO --- 8058/8058 batches finished ---
2022-12-17 10:44:10,610 P20981 INFO Train loss @epoch 3: 0.455586
2022-12-17 10:44:10,610 P20981 INFO ************ Epoch=3 end ************
2022-12-17 10:50:15,125 P20981 INFO [Metrics] AUC: 0.807736
2022-12-17 10:50:15,126 P20981 INFO Save best model: monitor(max): 0.807736
2022-12-17 10:50:15,276 P20981 INFO --- 8058/8058 batches finished ---
2022-12-17 10:50:15,321 P20981 INFO Train loss @epoch 4: 0.454719
2022-12-17 10:50:15,321 P20981 INFO ************ Epoch=4 end ************
2022-12-17 10:56:17,666 P20981 INFO [Metrics] AUC: 0.808414
2022-12-17 10:56:17,668 P20981 INFO Save best model: monitor(max): 0.808414
2022-12-17 10:56:17,812 P20981 INFO --- 8058/8058 batches finished ---
2022-12-17 10:56:17,857 P20981 INFO Train loss @epoch 5: 0.454151
2022-12-17 10:56:17,857 P20981 INFO ************ Epoch=5 end ************
2022-12-17 11:02:20,200 P20981 INFO [Metrics] AUC: 0.808754
2022-12-17 11:02:20,201 P20981 INFO Save best model: monitor(max): 0.808754
2022-12-17 11:02:20,365 P20981 INFO --- 8058/8058 batches finished ---
2022-12-17 11:02:20,417 P20981 INFO Train loss @epoch 6: 0.453767
2022-12-17 11:02:20,418 P20981 INFO ************ Epoch=6 end ************
2022-12-17 11:08:21,976 P20981 INFO [Metrics] AUC: 0.809075
2022-12-17 11:08:21,978 P20981 INFO Save best model: monitor(max): 0.809075
2022-12-17 11:08:22,121 P20981 INFO --- 8058/8058 batches finished ---
2022-12-17 11:08:22,169 P20981 INFO Train loss @epoch 7: 0.453465
2022-12-17 11:08:22,169 P20981 INFO ************ Epoch=7 end ************
2022-12-17 11:14:22,165 P20981 INFO [Metrics] AUC: 0.809365
2022-12-17 11:14:22,167 P20981 INFO Save best model: monitor(max): 0.809365
2022-12-17 11:14:22,330 P20981 INFO --- 8058/8058 batches finished ---
2022-12-17 11:14:22,379 P20981 INFO Train loss @epoch 8: 0.453227
2022-12-17 11:14:22,379 P20981 INFO ************ Epoch=8 end ************
2022-12-17 11:20:25,778 P20981 INFO [Metrics] AUC: 0.809477
2022-12-17 11:20:25,780 P20981 INFO Save best model: monitor(max): 0.809477
2022-12-17 11:20:25,922 P20981 INFO --- 8058/8058 batches finished ---
2022-12-17 11:20:25,981 P20981 INFO Train loss @epoch 9: 0.453034
2022-12-17 11:20:25,981 P20981 INFO ************ Epoch=9 end ************
2022-12-17 11:26:34,118 P20981 INFO [Metrics] AUC: 0.809601
2022-12-17 11:26:34,119 P20981 INFO Save best model: monitor(max): 0.809601
2022-12-17 11:26:34,276 P20981 INFO --- 8058/8058 batches finished ---
2022-12-17 11:26:34,335 P20981 INFO Train loss @epoch 10: 0.452850
2022-12-17 11:26:34,336 P20981 INFO ************ Epoch=10 end ************
2022-12-17 11:32:46,670 P20981 INFO [Metrics] AUC: 0.809770
2022-12-17 11:32:46,671 P20981 INFO Save best model: monitor(max): 0.809770
2022-12-17 11:32:46,820 P20981 INFO --- 8058/8058 batches finished ---
2022-12-17 11:32:46,874 P20981 INFO Train loss @epoch 11: 0.452676
2022-12-17 11:32:46,874 P20981 INFO ************ Epoch=11 end ************
2022-12-17 11:38:50,710 P20981 INFO [Metrics] AUC: 0.809807
2022-12-17 11:38:50,712 P20981 INFO Save best model: monitor(max): 0.809807
2022-12-17 11:38:50,855 P20981 INFO --- 8058/8058 batches finished ---
2022-12-17 11:38:50,913 P20981 INFO Train loss @epoch 12: 0.452561
2022-12-17 11:38:50,913 P20981 INFO ************ Epoch=12 end ************
2022-12-17 11:45:00,609 P20981 INFO [Metrics] AUC: 0.810033
2022-12-17 11:45:00,611 P20981 INFO Save best model: monitor(max): 0.810033
2022-12-17 11:45:00,790 P20981 INFO --- 8058/8058 batches finished ---
2022-12-17 11:45:00,863 P20981 INFO Train loss @epoch 13: 0.452489
2022-12-17 11:45:00,864 P20981 INFO ************ Epoch=13 end ************
2022-12-17 11:51:13,464 P20981 INFO [Metrics] AUC: 0.810074
2022-12-17 11:51:13,466 P20981 INFO Save best model: monitor(max): 0.810074
2022-12-17 11:51:13,631 P20981 INFO --- 8058/8058 batches finished ---
2022-12-17 11:51:13,691 P20981 INFO Train loss @epoch 14: 0.452363
2022-12-17 11:51:13,691 P20981 INFO ************ Epoch=14 end ************
2022-12-17 11:57:25,437 P20981 INFO [Metrics] AUC: 0.810165
2022-12-17 11:57:25,439 P20981 INFO Save best model: monitor(max): 0.810165
2022-12-17 11:57:25,605 P20981 INFO --- 8058/8058 batches finished ---
2022-12-17 11:57:25,661 P20981 INFO Train loss @epoch 15: 0.452279
2022-12-17 11:57:25,661 P20981 INFO ************ Epoch=15 end ************
2022-12-17 12:03:29,358 P20981 INFO [Metrics] AUC: 0.810268
2022-12-17 12:03:29,360 P20981 INFO Save best model: monitor(max): 0.810268
2022-12-17 12:03:29,515 P20981 INFO --- 8058/8058 batches finished ---
2022-12-17 12:03:29,562 P20981 INFO Train loss @epoch 16: 0.452197
2022-12-17 12:03:29,562 P20981 INFO ************ Epoch=16 end ************
2022-12-17 12:09:36,086 P20981 INFO [Metrics] AUC: 0.810426
2022-12-17 12:09:36,088 P20981 INFO Save best model: monitor(max): 0.810426
2022-12-17 12:09:36,232 P20981 INFO --- 8058/8058 batches finished ---
2022-12-17 12:09:36,292 P20981 INFO Train loss @epoch 17: 0.452081
2022-12-17 12:09:36,292 P20981 INFO ************ Epoch=17 end ************
2022-12-17 12:15:37,239 P20981 INFO [Metrics] AUC: 0.810322
2022-12-17 12:15:37,240 P20981 INFO Monitor(max) STOP: 0.810322 !
2022-12-17 12:15:37,240 P20981 INFO Reduce learning rate on plateau: 0.000100
2022-12-17 12:15:37,241 P20981 INFO --- 8058/8058 batches finished ---
2022-12-17 12:15:37,289 P20981 INFO Train loss @epoch 18: 0.452050
2022-12-17 12:15:37,290 P20981 INFO ************ Epoch=18 end ************
2022-12-17 12:21:38,073 P20981 INFO [Metrics] AUC: 0.813317
2022-12-17 12:21:38,074 P20981 INFO Save best model: monitor(max): 0.813317
2022-12-17 12:21:38,219 P20981 INFO --- 8058/8058 batches finished ---
2022-12-17 12:21:38,266 P20981 INFO Train loss @epoch 19: 0.441491
2022-12-17 12:21:38,266 P20981 INFO ************ Epoch=19 end ************
2022-12-17 12:27:37,739 P20981 INFO [Metrics] AUC: 0.813784
2022-12-17 12:27:37,741 P20981 INFO Save best model: monitor(max): 0.813784
2022-12-17 12:27:37,895 P20981 INFO --- 8058/8058 batches finished ---
2022-12-17 12:27:37,947 P20981 INFO Train loss @epoch 20: 0.437301
2022-12-17 12:27:37,947 P20981 INFO ************ Epoch=20 end ************
2022-12-17 12:33:34,956 P20981 INFO [Metrics] AUC: 0.813921
2022-12-17 12:33:34,957 P20981 INFO Save best model: monitor(max): 0.813921
2022-12-17 12:33:35,100 P20981 INFO --- 8058/8058 batches finished ---
2022-12-17 12:33:35,142 P20981 INFO Train loss @epoch 21: 0.435447
2022-12-17 12:33:35,142 P20981 INFO ************ Epoch=21 end ************
2022-12-17 12:39:33,012 P20981 INFO [Metrics] AUC: 0.813887
2022-12-17 12:39:33,013 P20981 INFO Monitor(max) STOP: 0.813887 !
2022-12-17 12:39:33,013 P20981 INFO Reduce learning rate on plateau: 0.000010
2022-12-17 12:39:33,014 P20981 INFO --- 8058/8058 batches finished ---
2022-12-17 12:39:33,058 P20981 INFO Train loss @epoch 22: 0.434079
2022-12-17 12:39:33,058 P20981 INFO ************ Epoch=22 end ************
2022-12-17 12:45:32,898 P20981 INFO [Metrics] AUC: 0.813567
2022-12-17 12:45:32,899 P20981 INFO Monitor(max) STOP: 0.813567 !
2022-12-17 12:45:32,900 P20981 INFO Reduce learning rate on plateau: 0.000001
2022-12-17 12:45:32,900 P20981 INFO ********* Epoch==23 early stop *********
2022-12-17 12:45:32,901 P20981 INFO --- 8058/8058 batches finished ---
2022-12-17 12:45:32,946 P20981 INFO Train loss @epoch 23: 0.430088
2022-12-17 12:45:32,946 P20981 INFO Training finished.
2022-12-17 12:45:32,946 P20981 INFO Load best model: /cache/FuxiCTR/benchmark/checkpoints/DualMLP_criteo_x1/criteo_x1_49102577/DualMLP_criteo_x1_001_0aa31de8.model
2022-12-17 12:45:33,042 P20981 INFO ****** Validation evaluation ******
2022-12-17 12:46:00,126 P20981 INFO [Metrics] AUC: 0.813921 - logloss: 0.438161
2022-12-17 12:46:00,245 P20981 INFO ******** Test evaluation ********
2022-12-17 12:46:00,245 P20981 INFO Loading data...
2022-12-17 12:46:00,246 P20981 INFO Loading data from h5: ../data/Criteo/criteo_x1_49102577/test.h5
2022-12-17 12:46:03,650 P20981 INFO Test samples: total/4587167, blocks/1
2022-12-17 12:46:03,650 P20981 INFO Loading test data done.
2022-12-17 12:46:18,855 P20981 INFO [Metrics] AUC: 0.814239 - logloss: 0.437707
