2022-12-16 18:02:04,398 P33686 INFO Params: {
    "batch_size": "4096",
    "data_format": "csv",
    "data_root": "../data/Movielens/",
    "dataset_id": "movielenslatest_x1_233328b6",
    "debug_mode": "False",
    "early_stop_patience": "2",
    "embedding_dim": "10",
    "embedding_regularizer": "0.01",
    "epochs": "100",
    "eval_interval": "1",
    "feature_cols": "[{'active': True, 'dtype': 'float', 'name': ['user_id', 'item_id', 'tag_id'], 'type': 'categorical'}]",
    "feature_specs": "None",
    "gpu": "1",
    "group_id": "None",
    "label_col": "{'dtype': 'float', 'name': 'label'}",
    "learning_rate": "0.001",
    "loss": "binary_crossentropy",
    "metrics": "['AUC', 'logloss']",
    "min_categr_count": "1",
    "mlp1_batch_norm": "True",
    "mlp1_dropout": "0.4",
    "mlp1_hidden_activations": "relu",
    "mlp1_hidden_units": "[400, 400, 400]",
    "mlp2_batch_norm": "True",
    "mlp2_dropout": "0.2",
    "mlp2_hidden_activations": "relu",
    "mlp2_hidden_units": "[400]",
    "model": "DualMLP",
    "model_id": "DualMLP_movielenslatest_x1_009_218e7595",
    "model_root": "./checkpoints/DualMLP_movielenslatest_x1/",
    "monitor": "AUC",
    "monitor_mode": "max",
    "net_regularizer": "0",
    "num_workers": "3",
    "optimizer": "adam",
    "ordered_features": "None",
    "pickle_feature_encoder": "True",
    "save_best_only": "True",
    "seed": "2021",
    "shuffle": "True",
    "task": "binary_classification",
    "test_data": "../data/Movielens/MovielensLatest_x1/test.csv",
    "train_data": "../data/Movielens/MovielensLatest_x1/train.csv",
    "valid_data": "../data/Movielens/MovielensLatest_x1/valid.csv",
    "verbose": "1"
}
2022-12-16 18:02:04,398 P33686 INFO Load feature_map from json: ../data/Movielens/movielenslatest_x1_233328b6/feature_map.json
2022-12-16 18:02:04,398 P33686 INFO Set column index...
2022-12-16 18:02:04,399 P33686 INFO Feature specs: {
    "item_id": "{'source': '', 'type': 'categorical', 'padding_idx': 0, 'oov_idx': 23605, 'vocab_size': 23606}",
    "tag_id": "{'source': '', 'type': 'categorical', 'padding_idx': 0, 'oov_idx': 49658, 'vocab_size': 49659}",
    "user_id": "{'source': '', 'type': 'categorical', 'padding_idx': 0, 'oov_idx': 16976, 'vocab_size': 16977}"
}
2022-12-16 18:02:07,830 P33686 INFO Total number of parameters: 1252022.
2022-12-16 18:02:07,830 P33686 INFO Loading data...
2022-12-16 18:02:07,830 P33686 INFO Loading data from h5: ../data/Movielens/movielenslatest_x1_233328b6/train.h5
2022-12-16 18:02:07,888 P33686 INFO Train samples: total/1404801, blocks/1
2022-12-16 18:02:07,889 P33686 INFO Loading data from h5: ../data/Movielens/movielenslatest_x1_233328b6/valid.h5
2022-12-16 18:02:07,899 P33686 INFO Validation samples: total/401372, blocks/1
2022-12-16 18:02:07,900 P33686 INFO Loading train and validation data done.
2022-12-16 18:02:07,900 P33686 INFO Start training: 343 batches/epoch
2022-12-16 18:02:07,900 P33686 INFO ************ Epoch=1 start ************
2022-12-16 18:02:24,282 P33686 INFO [Metrics] AUC: 0.934322
2022-12-16 18:02:24,283 P33686 INFO Save best model: monitor(max): 0.934322
2022-12-16 18:02:24,290 P33686 INFO --- 343/343 batches finished ---
2022-12-16 18:02:24,343 P33686 INFO Train loss @epoch 1: 0.382306
2022-12-16 18:02:24,343 P33686 INFO ************ Epoch=1 end ************
2022-12-16 18:02:40,637 P33686 INFO [Metrics] AUC: 0.946258
2022-12-16 18:02:40,638 P33686 INFO Save best model: monitor(max): 0.946258
2022-12-16 18:02:40,646 P33686 INFO --- 343/343 batches finished ---
2022-12-16 18:02:40,692 P33686 INFO Train loss @epoch 2: 0.372403
2022-12-16 18:02:40,692 P33686 INFO ************ Epoch=2 end ************
2022-12-16 18:02:57,156 P33686 INFO [Metrics] AUC: 0.950589
2022-12-16 18:02:57,157 P33686 INFO Save best model: monitor(max): 0.950589
2022-12-16 18:02:57,165 P33686 INFO --- 343/343 batches finished ---
2022-12-16 18:02:57,212 P33686 INFO Train loss @epoch 3: 0.380797
2022-12-16 18:02:57,212 P33686 INFO ************ Epoch=3 end ************
2022-12-16 18:03:13,568 P33686 INFO [Metrics] AUC: 0.952721
2022-12-16 18:03:13,568 P33686 INFO Save best model: monitor(max): 0.952721
2022-12-16 18:03:13,577 P33686 INFO --- 343/343 batches finished ---
2022-12-16 18:03:13,687 P33686 INFO Train loss @epoch 4: 0.381391
2022-12-16 18:03:13,687 P33686 INFO ************ Epoch=4 end ************
2022-12-16 18:03:30,123 P33686 INFO [Metrics] AUC: 0.953997
2022-12-16 18:03:30,124 P33686 INFO Save best model: monitor(max): 0.953997
2022-12-16 18:03:30,132 P33686 INFO --- 343/343 batches finished ---
2022-12-16 18:03:30,172 P33686 INFO Train loss @epoch 5: 0.379676
2022-12-16 18:03:30,172 P33686 INFO ************ Epoch=5 end ************
2022-12-16 18:03:43,986 P33686 INFO [Metrics] AUC: 0.954934
2022-12-16 18:03:43,986 P33686 INFO Save best model: monitor(max): 0.954934
2022-12-16 18:03:43,996 P33686 INFO --- 343/343 batches finished ---
2022-12-16 18:03:44,036 P33686 INFO Train loss @epoch 6: 0.377680
2022-12-16 18:03:44,037 P33686 INFO ************ Epoch=6 end ************
2022-12-16 18:04:00,052 P33686 INFO [Metrics] AUC: 0.955900
2022-12-16 18:04:00,053 P33686 INFO Save best model: monitor(max): 0.955900
2022-12-16 18:04:00,061 P33686 INFO --- 343/343 batches finished ---
2022-12-16 18:04:00,101 P33686 INFO Train loss @epoch 7: 0.377042
2022-12-16 18:04:00,101 P33686 INFO ************ Epoch=7 end ************
2022-12-16 18:04:17,032 P33686 INFO [Metrics] AUC: 0.956798
2022-12-16 18:04:17,032 P33686 INFO Save best model: monitor(max): 0.956798
2022-12-16 18:04:17,040 P33686 INFO --- 343/343 batches finished ---
2022-12-16 18:04:17,083 P33686 INFO Train loss @epoch 8: 0.375228
2022-12-16 18:04:17,083 P33686 INFO ************ Epoch=8 end ************
2022-12-16 18:04:34,111 P33686 INFO [Metrics] AUC: 0.956260
2022-12-16 18:04:34,112 P33686 INFO Monitor(max) STOP: 0.956260 !
2022-12-16 18:04:34,112 P33686 INFO Reduce learning rate on plateau: 0.000100
2022-12-16 18:04:34,112 P33686 INFO --- 343/343 batches finished ---
2022-12-16 18:04:34,159 P33686 INFO Train loss @epoch 9: 0.374894
2022-12-16 18:04:34,159 P33686 INFO ************ Epoch=9 end ************
2022-12-16 18:04:51,149 P33686 INFO [Metrics] AUC: 0.968678
2022-12-16 18:04:51,149 P33686 INFO Save best model: monitor(max): 0.968678
2022-12-16 18:04:51,157 P33686 INFO --- 343/343 batches finished ---
2022-12-16 18:04:51,203 P33686 INFO Train loss @epoch 10: 0.270437
2022-12-16 18:04:51,203 P33686 INFO ************ Epoch=10 end ************
2022-12-16 18:05:07,766 P33686 INFO [Metrics] AUC: 0.970297
2022-12-16 18:05:07,766 P33686 INFO Save best model: monitor(max): 0.970297
2022-12-16 18:05:07,774 P33686 INFO --- 343/343 batches finished ---
2022-12-16 18:05:07,820 P33686 INFO Train loss @epoch 11: 0.181477
2022-12-16 18:05:07,820 P33686 INFO ************ Epoch=11 end ************
2022-12-16 18:05:22,515 P33686 INFO [Metrics] AUC: 0.969608
2022-12-16 18:05:22,515 P33686 INFO Monitor(max) STOP: 0.969608 !
2022-12-16 18:05:22,515 P33686 INFO Reduce learning rate on plateau: 0.000010
2022-12-16 18:05:22,516 P33686 INFO --- 343/343 batches finished ---
2022-12-16 18:05:22,565 P33686 INFO Train loss @epoch 12: 0.140411
2022-12-16 18:05:22,565 P33686 INFO ************ Epoch=12 end ************
2022-12-16 18:05:39,792 P33686 INFO [Metrics] AUC: 0.969658
2022-12-16 18:05:39,793 P33686 INFO Monitor(max) STOP: 0.969658 !
2022-12-16 18:05:39,793 P33686 INFO Reduce learning rate on plateau: 0.000001
2022-12-16 18:05:39,793 P33686 INFO ********* Epoch==13 early stop *********
2022-12-16 18:05:39,793 P33686 INFO --- 343/343 batches finished ---
2022-12-16 18:05:39,886 P33686 INFO Train loss @epoch 13: 0.110322
2022-12-16 18:05:39,886 P33686 INFO Training finished.
2022-12-16 18:05:39,886 P33686 INFO Load best model: /home/XXX/FuxiCTRv2/benchmark/checkpoints/DualMLP_movielenslatest_x1/movielenslatest_x1_233328b6/DualMLP_movielenslatest_x1_009_218e7595.model
2022-12-16 18:05:39,920 P33686 INFO ****** Validation evaluation ******
2022-12-16 18:05:41,334 P33686 INFO [Metrics] AUC: 0.970297 - logloss: 0.209083
2022-12-16 18:05:41,388 P33686 INFO ******** Test evaluation ********
2022-12-16 18:05:41,388 P33686 INFO Loading data...
2022-12-16 18:05:41,388 P33686 INFO Loading data from h5: ../data/Movielens/movielenslatest_x1_233328b6/test.h5
2022-12-16 18:05:41,395 P33686 INFO Test samples: total/200686, blocks/1
2022-12-16 18:05:41,395 P33686 INFO Loading test data done.
2022-12-16 18:05:42,180 P33686 INFO [Metrics] AUC: 0.969843 - logloss: 0.210727
